Using pre-set license
Built from '2020.3/staging' branch; Version is '2020.3.3f1 (76626098c1c4) revision 7758432'; Using compiler version '192528614'; Build Type 'Release'
OS: 'Windows 10 Home; OS build 19044.1645; Version 2009; 64bit' Language: 'en' Physical Memory: 16291 MB
BatchMode: 1, IsHumanControllingUs: 0, StartBugReporterOnCrash: 0, Is64bit: 1, IsPro: 0

 COMMAND LINE ARGUMENTS:
C:\Program Files\Unity\Hub\Editor\2020.3.3f1\Editor\Unity.exe
-adb2
-batchMode
-noUpm
-name
AssetImportWorker0
-projectPath
C:/Users/Madis/Documents/Kodarit/2D-Tappelu-Peli/2D Fighter Game
-logFile
Logs/AssetImportWorker0.log
-srvPort
61631
Successfully changed project path to: C:/Users/Madis/Documents/Kodarit/2D-Tappelu-Peli/2D Fighter Game
C:/Users/Madis/Documents/Kodarit/2D-Tappelu-Peli/2D Fighter Game
Using Asset Import Pipeline V2.
Refreshing native plugins compatible for Editor in 36.42 ms, found 1 plugins.
Preloading 0 native plugins for Editor in 0.00 ms.
Initialize engine version: 2020.3.3f1 (76626098c1c4)
[Subsystems] Discovering subsystems at path C:/Program Files/Unity/Hub/Editor/2020.3.3f1/Editor/Data/Resources/UnitySubsystems
[Subsystems] Discovering subsystems at path C:/Users/Madis/Documents/Kodarit/2D-Tappelu-Peli/2D Fighter Game/Assets
GfxDevice: creating device client; threaded=0
Direct3D:
    Version:  Direct3D 11.0 [level 11.1]
    Renderer: NVIDIA GeForce RTX 2060 (ID=0x1f15)
    Vendor:   
    VRAM:     5980 MB
    Driver:   30.0.15.1123
Initialize mono
Mono path[0] = 'C:/Program Files/Unity/Hub/Editor/2020.3.3f1/Editor/Data/Managed'
Mono path[1] = 'C:/Program Files/Unity/Hub/Editor/2020.3.3f1/Editor/Data/MonoBleedingEdge/lib/mono/unityjit'
Mono config path = 'C:/Program Files/Unity/Hub/Editor/2020.3.3f1/Editor/Data/MonoBleedingEdge/etc'
Using monoOptions --debugger-agent=transport=dt_socket,embedding=1,server=y,suspend=n,address=127.0.0.1:56588
Begin MonoManager ReloadAssembly
Registering precompiled unity dll's ...
Register platform support module: C:/Program Files/Unity/Hub/Editor/2020.3.3f1/Editor/Data/PlaybackEngines/WindowsStandaloneSupport/UnityEditor.WindowsStandalone.Extensions.dll
Registered in 0.002298 seconds.
Native extension for WindowsStandalone target not found
Refreshing native plugins compatible for Editor in 38.29 ms, found 1 plugins.
Preloading 0 native plugins for Editor in 0.00 ms.
Invoked RoslynAnalysisRunner static constructor.
RoslynAnalysisRunner will not be running.
RoslynAnalysisRunner has terminated.
Mono: successfully reloaded assembly
- Completed reload, in  0.928 seconds
Platform modules already initialized, skipping
Registering precompiled user dll's ...
Registered in 0.002661 seconds.
Begin MonoManager ReloadAssembly
Native extension for WindowsStandalone target not found
Refreshing native plugins compatible for Editor in 36.95 ms, found 1 plugins.
Preloading 0 native plugins for Editor in 0.00 ms.
Invoked RoslynAnalysisRunner static constructor.
RoslynAnalysisRunner will not be running.
RoslynAnalysisRunner has terminated.
Mono: successfully reloaded assembly
- Completed reload, in  0.841 seconds
Platform modules already initialized, skipping
========================================================================
Worker process is ready to serve import requests
Launched and connected shader compiler UnityShaderCompiler.exe after 0.03 seconds
Refreshing native plugins compatible for Editor in 0.66 ms, found 1 plugins.
Preloading 0 native plugins for Editor in 0.00 ms.
Unloading 2036 Unused Serialized files (Serialized files now loaded: 0)
System memory in use before: 92.4 MB.
System memory in use after: 92.4 MB.

Unloading 30 unused Assets to reduce memory usage. Loaded Objects now: 2475.
Total: 3.357100 ms (FindLiveObjects: 0.246200 ms CreateObjectMapping: 0.146900 ms MarkObjects: 2.768600 ms  DeleteObjects: 0.194400 ms)

========================================================================
Received Import Request.
  path: Assets/Graphics/Sprites/Background/Background.png
  artifactKey: Guid(9714b40a83178624a83a906474c3cfa5) Importer(815301076,1909f56bfc062723c751e8b465ee728b)
Start importing Assets/Graphics/Sprites/Background/Background.png using Guid(9714b40a83178624a83a906474c3cfa5) Importer(815301076,1909f56bfc062723c751e8b465ee728b) Diagnostics callstack to track who triggered the sub-import:
0x00007ff698554d12 (Unity) ImporterAssetResolver::ResolveAsset
0x00007ff6985bce62 (Unity) ResolveArtifactV2
0x00007ff698617ce0 (Unity) ImportToObjects
0x00007ff698616f18 (Unity) AssetImportWorker::Import
0x00007ff69857651f (Unity) <lambda_77c748ffdfab40a7d87ea62709a69e39>::operator()
0x00007ff698641a32 (Unity) asio::detail::completion_handler<core::mutable_function<void __cdecl(void)> >::do_complete
0x00007ff698643b90 (Unity) asio::detail::win_iocp_io_service::do_one
0x00007ff69864731e (Unity) asio::io_service::run
0x00007ff6985bd3a0 (Unity) RunAssetImportWorkerClientV2
0x00007ff6985bd3f0 (Unity) RunAssetImporterV2
0x00007ff697ac9d06 (Unity) Application::InitializeProject
0x00007ff698449ba2 (Unity) WinMain
0x00007ff69a2c1d46 (Unity) __scrt_common_main_seh
0x00007ffe9a9f7034 (KERNEL32) BaseThreadInitThunk
0x00007ffe9ae22651 (ntdll) RtlUserThreadStart

Requesting import of Guid(9714b40a83178624a83a906474c3cfa5) Importer(-1,00000000000000000000000000000000), Assets/Graphics/Sprites/Background/Background.png from editor
Resuming Guid(9714b40a83178624a83a906474c3cfa5) Importer(-1,00000000000000000000000000000000) -> 00000000000000000000000000000000 (aborted)
Diagnostics callstack to track who triggered the sub-import:
0x00007ff698554d12 (Unity) ImporterAssetResolver::ResolveAsset
0x00007ff6985bce62 (Unity) ResolveArtifactV2
0x00007ff6985b7a21 (Unity) ProduceArtifactV2
0x00007ff69851e31e (Unity) AssetDatabase::ProduceArtifact
0x00007ff698504118 (Unity) PreviewImporter::GenerateAssetData
0x00007ff6986180a9 (Unity) ImportToObjects
0x00007ff698616f18 (Unity) AssetImportWorker::Import
0x00007ff69857651f (Unity) <lambda_77c748ffdfab40a7d87ea62709a69e39>::operator()
0x00007ff698641a32 (Unity) asio::detail::completion_handler<core::mutable_function<void __cdecl(void)> >::do_complete
0x00007ff698643b90 (Unity) asio::detail::win_iocp_io_service::do_one
0x00007ff69864731e (Unity) asio::io_service::run
0x00007ff6985bd3a0 (Unity) RunAssetImportWorkerClientV2
0x00007ff6985bd3f0 (Unity) RunAssetImporterV2
0x00007ff697ac9d06 (Unity) Application::InitializeProject
0x00007ff698449ba2 (Unity) WinMain
0x00007ff69a2c1d46 (Unity) __scrt_common_main_seh
0x00007ffe9a9f7034 (KERNEL32) BaseThreadInitThunk
0x00007ffe9ae22651 (ntdll) RtlUserThreadStart

Sub-import of Guid(9714b40a83178624a83a906474c3cfa5) Importer(-1,00000000000000000000000000000000), Assets/Graphics/Sprites/Background/Background.png skipped because a previous one failed already
 -> (artifact id: '1526fe7121b64c81ac06d58f885443b2') in 1.074005 seconds
  Import took 1.076877 seconds (was aborted).

========================================================================
Received Import Request.
  Time since last request: 0.000114 seconds.
  path: Assets/Graphics/Sprites/Background/Background.png
  artifactKey: Guid(9714b40a83178624a83a906474c3cfa5) Importer(815301076,1909f56bfc062723c751e8b465ee728b)
Start importing Assets/Graphics/Sprites/Background/Background.png using Guid(9714b40a83178624a83a906474c3cfa5) Importer(815301076,1909f56bfc062723c751e8b465ee728b)  -> (artifact id: 'bcfbc6ec03134707a82b4bf9afeff48b') in 0.089942 seconds
  Import took 0.092536 seconds .

========================================================================
Received Import Request.
  Time since last request: 12.979713 seconds.
  path: Assets/Graphics/Sprites/Background/Background.png
  artifactKey: Guid(9714b40a83178624a83a906474c3cfa5) Importer(815301076,1909f56bfc062723c751e8b465ee728b)
Start importing Assets/Graphics/Sprites/Background/Background.png using Guid(9714b40a83178624a83a906474c3cfa5) Importer(815301076,1909f56bfc062723c751e8b465ee728b)  -> (artifact id: '7841473c5437925b1db1ca66a6b7fbb8') in 0.028577 seconds
  Import took 0.031390 seconds .

AssetImportWorkerClient::OnTransportError - code=2 error=End of file
