Using pre-set license
Built from '2020.3/staging' branch; Version is '2020.3.3f1 (76626098c1c4) revision 7758432'; Using compiler version '192528614'; Build Type 'Release'
OS: 'Windows 10 Home; OS build 19044.1586; Version 2009; 64bit' Language: 'en' Physical Memory: 16291 MB
BatchMode: 1, IsHumanControllingUs: 0, StartBugReporterOnCrash: 0, Is64bit: 1, IsPro: 0

 COMMAND LINE ARGUMENTS:
C:\Program Files\Unity\Hub\Editor\2020.3.3f1\Editor\Unity.exe
-adb2
-batchMode
-noUpm
-name
AssetImportWorker0
-projectPath
C:/Users/Madis/Documents/Kodarit/2D-Tappelu-Peli/2D Fighter Game
-logFile
Logs/AssetImportWorker0.log
-srvPort
59219
Successfully changed project path to: C:/Users/Madis/Documents/Kodarit/2D-Tappelu-Peli/2D Fighter Game
C:/Users/Madis/Documents/Kodarit/2D-Tappelu-Peli/2D Fighter Game
Using Asset Import Pipeline V2.
Refreshing native plugins compatible for Editor in 37.22 ms, found 1 plugins.
Preloading 0 native plugins for Editor in 0.00 ms.
Initialize engine version: 2020.3.3f1 (76626098c1c4)
[Subsystems] Discovering subsystems at path C:/Program Files/Unity/Hub/Editor/2020.3.3f1/Editor/Data/Resources/UnitySubsystems
[Subsystems] Discovering subsystems at path C:/Users/Madis/Documents/Kodarit/2D-Tappelu-Peli/2D Fighter Game/Assets
GfxDevice: creating device client; threaded=0
Direct3D:
    Version:  Direct3D 11.0 [level 11.1]
    Renderer: NVIDIA GeForce RTX 2060 (ID=0x1f15)
    Vendor:   
    VRAM:     5980 MB
    Driver:   30.0.15.1123
Initialize mono
Mono path[0] = 'C:/Program Files/Unity/Hub/Editor/2020.3.3f1/Editor/Data/Managed'
Mono path[1] = 'C:/Program Files/Unity/Hub/Editor/2020.3.3f1/Editor/Data/MonoBleedingEdge/lib/mono/unityjit'
Mono config path = 'C:/Program Files/Unity/Hub/Editor/2020.3.3f1/Editor/Data/MonoBleedingEdge/etc'
Using monoOptions --debugger-agent=transport=dt_socket,embedding=1,server=y,suspend=n,address=127.0.0.1:56948
Begin MonoManager ReloadAssembly
Registering precompiled unity dll's ...
Register platform support module: C:/Program Files/Unity/Hub/Editor/2020.3.3f1/Editor/Data/PlaybackEngines/WindowsStandaloneSupport/UnityEditor.WindowsStandalone.Extensions.dll
Registered in 0.001827 seconds.
Native extension for WindowsStandalone target not found
Refreshing native plugins compatible for Editor in 38.23 ms, found 1 plugins.
Preloading 0 native plugins for Editor in 0.00 ms.
Invoked RoslynAnalysisRunner static constructor.
RoslynAnalysisRunner will not be running.
RoslynAnalysisRunner has terminated.
Mono: successfully reloaded assembly
- Completed reload, in  0.974 seconds
Platform modules already initialized, skipping
Registering precompiled user dll's ...
Registered in 0.002403 seconds.
Begin MonoManager ReloadAssembly
Native extension for WindowsStandalone target not found
Refreshing native plugins compatible for Editor in 37.83 ms, found 1 plugins.
Preloading 0 native plugins for Editor in 0.00 ms.
Invoked RoslynAnalysisRunner static constructor.
RoslynAnalysisRunner will not be running.
RoslynAnalysisRunner has terminated.
Mono: successfully reloaded assembly
- Completed reload, in  0.895 seconds
Platform modules already initialized, skipping
========================================================================
Worker process is ready to serve import requests
Launched and connected shader compiler UnityShaderCompiler.exe after 0.03 seconds
Refreshing native plugins compatible for Editor in 0.40 ms, found 1 plugins.
Preloading 0 native plugins for Editor in 0.00 ms.
Unloading 2033 Unused Serialized files (Serialized files now loaded: 0)
System memory in use before: 92.3 MB.
System memory in use after: 92.2 MB.

Unloading 30 unused Assets to reduce memory usage. Loaded Objects now: 2470.
Total: 1.900900 ms (FindLiveObjects: 0.232600 ms CreateObjectMapping: 0.130400 ms MarkObjects: 1.431100 ms  DeleteObjects: 0.105900 ms)

========================================================================
Received Import Request.
  path: Assets/Photon/PhotonUnityNetworking/Resources/PhotonServerSettings.asset
  artifactKey: Guid(cf466491d78c506488f6eefc1e4c10c8) Importer(815301076,1909f56bfc062723c751e8b465ee728b)
Start importing Assets/Photon/PhotonUnityNetworking/Resources/PhotonServerSettings.asset using Guid(cf466491d78c506488f6eefc1e4c10c8) Importer(815301076,1909f56bfc062723c751e8b465ee728b)  -> (artifact id: 'd387275371cf8ab7fd20b0f695cd47d8') in 0.024928 seconds
  Import took 0.027746 seconds .

========================================================================
Received Import Request.
  Time since last request: 0.000970 seconds.
  path: Assets/Photon/PhotonUnityNetworking/Resources/PhotonServerSettings.asset
  artifactKey: Guid(cf466491d78c506488f6eefc1e4c10c8) Importer(815301076,1909f56bfc062723c751e8b465ee728b)
Start importing Assets/Photon/PhotonUnityNetworking/Resources/PhotonServerSettings.asset using Guid(cf466491d78c506488f6eefc1e4c10c8) Importer(815301076,1909f56bfc062723c751e8b465ee728b)  -> (artifact id: 'd387275371cf8ab7fd20b0f695cd47d8') in 0.002909 seconds
  Import took 0.005765 seconds .

========================================================================
Received Import Request.
  Time since last request: 90.131437 seconds.
  path: Assets/Scenes/SampleScene.unity
  artifactKey: Guid(2cda990e2423bbf4892e6590ba056729) Importer(815301076,1909f56bfc062723c751e8b465ee728b)
Start importing Assets/Scenes/SampleScene.unity using Guid(2cda990e2423bbf4892e6590ba056729) Importer(815301076,1909f56bfc062723c751e8b465ee728b)  -> (artifact id: 'c8fc552f1f5f7edabc4e2c3e04bd9366') in 0.007428 seconds
  Import took 0.011107 seconds .

========================================================================
Received Import Request.
  Time since last request: 12.825498 seconds.
  path: Assets/Scenes/Forest.unity
  artifactKey: Guid(2cda990e2423bbf4892e6590ba056729) Importer(815301076,1909f56bfc062723c751e8b465ee728b)
Start importing Assets/Scenes/Forest.unity using Guid(2cda990e2423bbf4892e6590ba056729) Importer(815301076,1909f56bfc062723c751e8b465ee728b)  -> (artifact id: '2066f1799ab3460d77f86c98759d0bf1') in 0.007236 seconds
  Import took 0.011134 seconds .

========================================================================
Received Import Request.
  Time since last request: 0.000919 seconds.
  path: Assets/Scenes/Forest.unity
  artifactKey: Guid(2cda990e2423bbf4892e6590ba056729) Importer(815301076,1909f56bfc062723c751e8b465ee728b)
Start importing Assets/Scenes/Forest.unity using Guid(2cda990e2423bbf4892e6590ba056729) Importer(815301076,1909f56bfc062723c751e8b465ee728b)  -> (artifact id: '2066f1799ab3460d77f86c98759d0bf1') in 0.004058 seconds
  Import took 0.008436 seconds .

========================================================================
Received Import Request.
  Time since last request: 4.052166 seconds.
  path: Assets/Scenes
  artifactKey: Guid(f08ca93b5676d80459846831bfc9bf1e) Importer(815301076,1909f56bfc062723c751e8b465ee728b)
Start importing Assets/Scenes using Guid(f08ca93b5676d80459846831bfc9bf1e) Importer(815301076,1909f56bfc062723c751e8b465ee728b)  -> (artifact id: '94bb6371480ccda2c6e51c4b32e937e3') in 0.007147 seconds
  Import took 0.010334 seconds .

========================================================================
Received Import Request.
  Time since last request: 10.186584 seconds.
  path: Assets/Scenes/Loading.unity
  artifactKey: Guid(fdbbf9e0e64dcbd45b02ace05b199145) Importer(815301076,1909f56bfc062723c751e8b465ee728b)
Start importing Assets/Scenes/Loading.unity using Guid(fdbbf9e0e64dcbd45b02ace05b199145) Importer(815301076,1909f56bfc062723c751e8b465ee728b)  -> (artifact id: '244f850a14cbd218096e043ff5d963f6') in 0.006931 seconds
  Import took 0.009584 seconds .

========================================================================
Received Prepare
Registering precompiled user dll's ...
Registered in 0.095117 seconds.
Begin MonoManager ReloadAssembly
Native extension for WindowsStandalone target not found
Refreshing native plugins compatible for Editor in 0.46 ms, found 1 plugins.
Preloading 0 native plugins for Editor in 0.00 ms.
Invoked RoslynAnalysisRunner static constructor.
RoslynAnalysisRunner will not be running.
RoslynAnalysisRunner has terminated.
Mono: successfully reloaded assembly
- Completed reload, in  0.808 seconds
Platform modules already initialized, skipping
Refreshing native plugins compatible for Editor in 0.37 ms, found 1 plugins.
Preloading 0 native plugins for Editor in 0.00 ms.
Unloading 2027 Unused Serialized files (Serialized files now loaded: 0)
System memory in use before: 92.1 MB.
System memory in use after: 92.1 MB.

Unloading 17 unused Assets to reduce memory usage. Loaded Objects now: 2475.
Total: 1.784100 ms (FindLiveObjects: 0.172000 ms CreateObjectMapping: 0.071900 ms MarkObjects: 1.453600 ms  DeleteObjects: 0.085700 ms)

========================================================================
Received Prepare
Registering precompiled user dll's ...
Registered in 0.003103 seconds.
Begin MonoManager ReloadAssembly
Native extension for WindowsStandalone target not found
Refreshing native plugins compatible for Editor in 0.37 ms, found 1 plugins.
Preloading 0 native plugins for Editor in 0.00 ms.
Invoked RoslynAnalysisRunner static constructor.
RoslynAnalysisRunner will not be running.
RoslynAnalysisRunner has terminated.
Mono: successfully reloaded assembly
- Completed reload, in  0.805 seconds
Platform modules already initialized, skipping
Refreshing native plugins compatible for Editor in 0.37 ms, found 1 plugins.
Preloading 0 native plugins for Editor in 0.00 ms.
Unloading 2027 Unused Serialized files (Serialized files now loaded: 0)
System memory in use before: 92.2 MB.
System memory in use after: 92.2 MB.

Unloading 17 unused Assets to reduce memory usage. Loaded Objects now: 2480.
Total: 2.116900 ms (FindLiveObjects: 0.244700 ms CreateObjectMapping: 0.076300 ms MarkObjects: 1.660700 ms  DeleteObjects: 0.134200 ms)

========================================================================
Received Prepare
Registering precompiled user dll's ...
Registered in 0.002317 seconds.
Begin MonoManager ReloadAssembly
Native extension for WindowsStandalone target not found
Refreshing native plugins compatible for Editor in 0.57 ms, found 1 plugins.
Preloading 0 native plugins for Editor in 0.00 ms.
Invoked RoslynAnalysisRunner static constructor.
RoslynAnalysisRunner will not be running.
RoslynAnalysisRunner has terminated.
Mono: successfully reloaded assembly
- Completed reload, in  0.833 seconds
Platform modules already initialized, skipping
Refreshing native plugins compatible for Editor in 0.38 ms, found 1 plugins.
Preloading 0 native plugins for Editor in 0.00 ms.
Unloading 2027 Unused Serialized files (Serialized files now loaded: 0)
System memory in use before: 92.2 MB.
System memory in use after: 92.2 MB.

Unloading 17 unused Assets to reduce memory usage. Loaded Objects now: 2485.
Total: 2.308400 ms (FindLiveObjects: 0.259600 ms CreateObjectMapping: 0.110400 ms MarkObjects: 1.812700 ms  DeleteObjects: 0.124100 ms)

========================================================================
Received Import Request.
  Time since last request: 318.356675 seconds.
  path: Assets/Scenes/Loading.unity
  artifactKey: Guid(fdbbf9e0e64dcbd45b02ace05b199145) Importer(815301076,1909f56bfc062723c751e8b465ee728b)
Start importing Assets/Scenes/Loading.unity using Guid(fdbbf9e0e64dcbd45b02ace05b199145) Importer(815301076,1909f56bfc062723c751e8b465ee728b)  -> (artifact id: '1e8dbbd3ae342e232fa8ac95c4494fc8') in 0.015153 seconds
  Import took 0.018267 seconds .

========================================================================
Received Import Request.
  Time since last request: 16.155782 seconds.
  path: Assets/Scripts/ConnectToServer.cs
  artifactKey: Guid(85c48ec72a74da94098a4aeef7c336b4) Importer(815301076,1909f56bfc062723c751e8b465ee728b)
Start importing Assets/Scripts/ConnectToServer.cs using Guid(85c48ec72a74da94098a4aeef7c336b4) Importer(815301076,1909f56bfc062723c751e8b465ee728b)  -> (artifact id: '00eaaef172f0666910a68894ecae4996') in 0.050129 seconds
  Import took 0.052908 seconds .

========================================================================
Received Prepare
Registering precompiled user dll's ...
Registered in 0.002312 seconds.
Begin MonoManager ReloadAssembly
Native extension for WindowsStandalone target not found
Refreshing native plugins compatible for Editor in 0.43 ms, found 1 plugins.
Preloading 0 native plugins for Editor in 0.00 ms.
Invoked RoslynAnalysisRunner static constructor.
RoslynAnalysisRunner will not be running.
RoslynAnalysisRunner has terminated.
Mono: successfully reloaded assembly
- Completed reload, in  0.801 seconds
Platform modules already initialized, skipping
Refreshing native plugins compatible for Editor in 0.38 ms, found 1 plugins.
Preloading 0 native plugins for Editor in 0.00 ms.
Unloading 2028 Unused Serialized files (Serialized files now loaded: 0)
System memory in use before: 92.3 MB.
System memory in use after: 92.2 MB.

Unloading 17 unused Assets to reduce memory usage. Loaded Objects now: 2491.
Total: 1.714100 ms (FindLiveObjects: 0.183900 ms CreateObjectMapping: 0.079700 ms MarkObjects: 1.362600 ms  DeleteObjects: 0.087100 ms)

========================================================================
Received Import Request.
  Time since last request: 315.532096 seconds.
  path: Assets/Scripts/ConnectToServer.cs
  artifactKey: Guid(85c48ec72a74da94098a4aeef7c336b4) Importer(815301076,1909f56bfc062723c751e8b465ee728b)
Start importing Assets/Scripts/ConnectToServer.cs using Guid(85c48ec72a74da94098a4aeef7c336b4) Importer(815301076,1909f56bfc062723c751e8b465ee728b)  -> (artifact id: '41f5755941b9a9aaa9f512d16cc6cc8f') in 0.004011 seconds
  Import took 0.006805 seconds .

AssetImportWorkerClient::OnTransportError - code=2 error=End of file
